<?xml version="1.0" encoding="UTF-8"?>
<testsuite xmlns:xsi="http://www.w3.org/2001/XMLSchema-instance" xsi:noNamespaceSchemaLocation="https://maven.apache.org/surefire/maven-surefire-plugin/xsd/surefire-test-report-3.0.xsd" version="3.0" name="com.APIAutomation.runners.TestRunner" time="3.519" tests="6" errors="0" skipped="0" failures="5">
  <properties>
[...]
</properties>
  <testcase name="runScenario[&quot;Book Creation by Different User Types&quot;, &quot;Book Creation Scenarios&quot;](2)" classname="com.APIAutomation.runners.TestRunner" time="2.291">
    <system-out><![CDATA[
@CreateBook
Scenario Outline: Book Creation by Different User Types                              &amp#27;[90m# src/test/resources/features/create_books.feature:15&amp#27;[0m

@CreateBook
Scenario Outline: Book Creation by Different User Types                     &amp#27;[90m# src/test/resources/features/create_books.feature:14&amp#27;[0m

@DeleteBooks
Scenario: Delete a book by ID as admin                                          &amp#27;[90m# src/test/resources/features/delete_books.feature:4&amp#27;[0m

@DeleteBooks
Scenario: Delete a book by ID as user                                    &amp#27;[90m# src/test/resources/features/delete_books.feature:10&amp#27;[0m

@CreateBook
Scenario Outline: Book Creation by Different User Types                       &amp#27;[90m# src/test/resources/features/create_books.feature:13&amp#27;[0m

@CreateBook
Scenario Outline: Book Creation by Different User Types                       &amp#27;[90m# src/test/resources/features/create_books.feature:12&amp#27;[0m
  &amp#27;[32mGiven &amp#27;[0m&amp#27;[32mI am logged in to delete as user name &amp#27;[0m&amp#27;[32m&amp#27;[1m"user"&amp#27;[0m&amp#27;[32m password &amp#27;[0m&amp#27;[32m&amp#27;[1m"password"&amp#27;[0m &amp#27;[90m# com.APIAutomation.stepdefinitions.delete.BookDeletionStepDefinition.login_as_user(java.lang.String,java.lang.String)&amp#27;[0m
  &amp#27;[32mGiven &amp#27;[0m&amp#27;[32mI am logged in to delete as admin user name &amp#27;[0m&amp#27;[32m&amp#27;[1m"admin"&amp#27;[0m&amp#27;[32m password &amp#27;[0m&amp#27;[32m&amp#27;[1m"password"&amp#27;[0m &amp#27;[90m# com.APIAutomation.stepdefinitions.delete.BookDeletionStepDefinition.login_as_admin(java.lang.String,java.lang.String)&amp#27;[0m
  &amp#27;[32mGiven &amp#27;[0m&amp#27;[32mI am logged in as &amp#27;[0m&amp#27;[32m&amp#27;[1m"admin"&amp#27;[0m&amp#27;[32m with password &amp#27;[0m&amp#27;[32m&amp#27;[1m"password"&amp#27;[0m&amp#27;[32m to post as &amp#27;[0m&amp#27;[32m&amp#27;[1m"admin"&amp#27;[0m &amp#27;[90m# com.APIAutomation.stepdefinitions.post.PostBooksStepDefinitions.loginUser(java.lang.String,java.lang.String,java.lang.String)&amp#27;[0m
  &amp#27;[32mGiven &amp#27;[0m&amp#27;[32mI am logged in as &amp#27;[0m&amp#27;[32m&amp#27;[1m"admin"&amp#27;[0m&amp#27;[32m with password &amp#27;[0m&amp#27;[32m&amp#27;[1m"password"&amp#27;[0m&amp#27;[32m to post as &amp#27;[0m&amp#27;[32m&amp#27;[1m"admin"&amp#27;[0m &amp#27;[90m# com.APIAutomation.stepdefinitions.post.PostBooksStepDefinitions.loginUser(java.lang.String,java.lang.String,java.lang.String)&amp#27;[0m
  &amp#27;[32mGiven &amp#27;[0m&amp#27;[32mI am logged in as &amp#27;[0m&amp#27;[32m&amp#27;[1m"user"&amp#27;[0m&amp#27;[32m with password &amp#27;[0m&amp#27;[32m&amp#27;[1m"password"&amp#27;[0m&amp#27;[32m to post as &amp#27;[0m&amp#27;[32m&amp#27;[1m"user"&amp#27;[0m &amp#27;[90m# com.APIAutomation.stepdefinitions.post.PostBooksStepDefinitions.loginUser(java.lang.String,java.lang.String,java.lang.String)&amp#27;[0m
  &amp#27;[32mGiven &amp#27;[0m&amp#27;[32mI am logged in as &amp#27;[0m&amp#27;[32m&amp#27;[1m"guest"&amp#27;[0m&amp#27;[32m with password &amp#27;[0m&amp#27;[32m&amp#27;[1m"password"&amp#27;[0m&amp#27;[32m to post as &amp#27;[0m&amp#27;[32m&amp#27;[1m"unauthorized"&amp#27;[0m &amp#27;[90m# com.APIAutomation.stepdefinitions.post.PostBooksStepDefinitions.loginUser(java.lang.String,java.lang.String,java.lang.String)&amp#27;[0m
  &amp#27;[32mWhen &amp#27;[0m&amp#27;[32mI send a POST request to &amp#27;[0m&amp#27;[32m&amp#27;[1m"/api/books"&amp#27;[0m&amp#27;[32m with the following data:&amp#27;[0m         &amp#27;[90m# com.APIAutomation.stepdefinitions.post.PostBooksStepDefinitions.sendPostRequest(java.lang.String,io.cucumber.datatable.DataTable)&amp#27;[0m
    | title            | author              |
    | The Great Gatsby | F. Scott Fitzgerald |
  &amp#27;[32mWhen &amp#27;[0m&amp#27;[32mI send a POST request to &amp#27;[0m&amp#27;[32m&amp#27;[1m"/api/books"&amp#27;[0m&amp#27;[32m with the following data:&amp#27;[0m                &amp#27;[90m# com.APIAutomation.stepdefinitions.post.PostBooksStepDefinitions.sendPostRequest(java.lang.String,io.cucumber.datatable.DataTable)&amp#27;[0m
    | title     | author          |
    | Moby Dick | Herman Melville |
  &amp#27;[32mWhen &amp#27;[0m&amp#27;[32mI send a POST request to &amp#27;[0m&amp#27;[32m&amp#27;[1m"/api/books"&amp#27;[0m&amp#27;[32m with the following data:&amp#27;[0m       &amp#27;[90m# com.APIAutomation.stepdefinitions.post.PostBooksStepDefinitions.sendPostRequest(java.lang.String,io.cucumber.datatable.DataTable)&amp#27;[0m
    | title      | author        |
    | 1984    12 | George Orwell |
  &amp#27;[32mWhen &amp#27;[0m&amp#27;[32mI send a POST request to &amp#27;[0m&amp#27;[32m&amp#27;[1m"/api/books"&amp#27;[0m&amp#27;[32m with the following data:&amp#27;[0m         &amp#27;[90m# com.APIAutomation.stepdefinitions.post.PostBooksStepDefinitions.sendPostRequest(java.lang.String,io.cucumber.datatable.DataTable)&amp#27;[0m
    | title             | author              |
    | The Great Gatsby2 | F. Scott Fitzgerald |
  &amp#27;[32mWhen &amp#27;[0m&amp#27;[32mI send a DELETE request to &amp#27;[0m&amp#27;[32m&amp#27;[1m"/api/books/1"&amp#27;[0m                                &amp#27;[90m# com.APIAutomation.stepdefinitions.delete.BookDeletionStepDefinition.send_delete_request(java.lang.String)&amp#27;[0m
  &amp#27;[32mWhen &amp#27;[0m&amp#27;[32mI send a DELETE request to &amp#27;[0m&amp#27;[32m&amp#27;[1m"/api/books/1"&amp#27;[0m                         &amp#27;[90m# com.APIAutomation.stepdefinitions.delete.BookDeletionStepDefinition.send_delete_request(java.lang.String)&amp#27;[0m
  &amp#27;[31mThen &amp#27;[0m&amp#27;[31mthe response delete status code should be &amp#27;[0m&amp#27;[31m&amp#27;[1m200&amp#27;[0m                            &amp#27;[90m# com.APIAutomation.stepdefinitions.delete.BookDeletionStepDefinition.verify_status_code(int)&amp#27;[0m
      &amp#27;[31mjava.lang.AssertionError: Delete request status code does not match expected:<200> but was:<403>
	at org.testng.AssertJUnit.fail(AssertJUnit.java:65)
	at org.testng.AssertJUnit.failNotEquals(AssertJUnit.java:467)
	at org.testng.AssertJUnit.assertEquals(AssertJUnit.java:88)
	at org.testng.AssertJUnit.assertEquals(AssertJUnit.java:318)
	at com.APIAutomation.stepdefinitions.delete.BookDeletionStepDefinition.verify_status_code(BookDeletionStepDefinition.java:63)
	at ✽.the response delete status code should be 200(file:///D:/IT%20Quality%20Assuarance/Assignment/ITQA-API-Testing/src/test/resources/features/delete_books.feature:7)
&amp#27;[0m
  &amp#27;[31mThen &amp#27;[0m&amp#27;[31mthe response delete status code should be &amp#27;[0m&amp#27;[31m&amp#27;[1m401&amp#27;[0m                     &amp#27;[90m# com.APIAutomation.stepdefinitions.delete.BookDeletionStepDefinition.verify_status_code(int)&amp#27;[0m
      &amp#27;[31mjava.lang.AssertionError: Delete request status code does not match expected:<401> but was:<200>
	at org.testng.AssertJUnit.fail(AssertJUnit.java:65)
	at org.testng.AssertJUnit.failNotEquals(AssertJUnit.java:467)
	at org.testng.AssertJUnit.assertEquals(AssertJUnit.java:88)
	at org.testng.AssertJUnit.assertEquals(AssertJUnit.java:318)
	at com.APIAutomation.stepdefinitions.delete.BookDeletionStepDefinition.verify_status_code(BookDeletionStepDefinition.java:63)
	at ✽.the response delete status code should be 401(file:///D:/IT%20Quality%20Assuarance/Assignment/ITQA-API-Testing/src/test/resources/features/delete_books.feature:13)
&amp#27;[0m
  &amp#27;[36mAnd &amp#27;[0m&amp#27;[36mthe delete response body should contain &amp#27;[0m&amp#27;[36m&amp#27;[1m"Unauthorized access"&amp#27;[0m      &amp#27;[90m# com.APIAutomation.stepdefinitions.delete.BookDeletionStepDefinition.verify_response_body(java.lang.String)&amp#27;[0m
  &amp#27;[36mAnd &amp#27;[0m&amp#27;[36mthe delete response body should contain &amp#27;[0m&amp#27;[36m&amp#27;[1m"Book deleted successfully"&amp#27;[0m       &amp#27;[90m# com.APIAutomation.stepdefinitions.delete.BookDeletionStepDefinition.verify_response_body(java.lang.String)&amp#27;[0m
  &amp#27;[32mThen &amp#27;[0m&amp#27;[32mthe response status code should be &amp#27;[0m&amp#27;[32m&amp#27;[1m401&amp#27;[0m                                        &amp#27;[90m# com.APIAutomation.stepdefinitions.post.PostBooksStepDefinitions.verifyStatusCode(int)&amp#27;[0m
]]></system-out>
    <system-err><![CDATA[log4j:WARN No appenders could be found for logger (org.apache.http.impl.conn.BasicClientConnectionManager).
log4j:WARN No appenders could be found for logger (org.apache.http.impl.conn.BasicClientConnectionManager).
log4j:WARN No appenders could be found for logger (org.apache.http.impl.conn.BasicClientConnectionManager).
log4j:WARN Please initialize the log4j system properly.
log4j:WARN Please initialize the log4j system properly.
log4j:WARN No appenders could be found for logger (org.apache.http.impl.conn.BasicClientConnectionManager).
log4j:WARN See http://logging.apache.org/log4j/1.2/faq.html#noconfig for more info.
log4j:WARN Please initialize the log4j system properly.
log4j:WARN See http://logging.apache.org/log4j/1.2/faq.html#noconfig for more info.
log4j:WARN See http://logging.apache.org/log4j/1.2/faq.html#noconfig for more info.
log4j:WARN Please initialize the log4j system properly.
log4j:WARN See http://logging.apache.org/log4j/1.2/faq.html#noconfig for more info.
log4j:WARN No appenders could be found for logger (org.apache.http.impl.conn.BasicClientConnectionManager).
log4j:WARN Please initialize the log4j system properly.
log4j:WARN See http://logging.apache.org/log4j/1.2/faq.html#noconfig for more info.
]]></system-err>
  </testcase>
  <testcase name="runScenario[&quot;Delete a book by ID as user&quot;, &quot;Delete a book&quot;](2)" classname="com.APIAutomation.runners.TestRunner" time="2.302">
    <failure message="Delete request status code does not match expected:&lt;401&gt; but was:&lt;200&gt;" type="java.lang.AssertionError"><![CDATA[java.lang.AssertionError: Delete request status code does not match expected:<401> but was:<200>
	at org.testng.AssertJUnit.fail(AssertJUnit.java:65)
	at org.testng.AssertJUnit.failNotEquals(AssertJUnit.java:467)
	at org.testng.AssertJUnit.assertEquals(AssertJUnit.java:88)
	at org.testng.AssertJUnit.assertEquals(AssertJUnit.java:318)
	at com.APIAutomation.stepdefinitions.delete.BookDeletionStepDefinition.verify_status_code(BookDeletionStepDefinition.java:63)
	at ✽.the response delete status code should be 401(file:///D:/IT%20Quality%20Assuarance/Assignment/ITQA-API-Testing/src/test/resources/features/delete_books.feature:13)
]]></failure>
  </testcase>
  <testcase name="runScenario[&quot;Delete a book by ID as admin&quot;, &quot;Delete a book&quot;](3)" classname="com.APIAutomation.runners.TestRunner" time="2.303">
    <failure message="Delete request status code does not match expected:&lt;200&gt; but was:&lt;403&gt;" type="java.lang.AssertionError"><![CDATA[java.lang.AssertionError: Delete request status code does not match expected:<200> but was:<403>
	at org.testng.AssertJUnit.fail(AssertJUnit.java:65)
	at org.testng.AssertJUnit.failNotEquals(AssertJUnit.java:467)
	at org.testng.AssertJUnit.assertEquals(AssertJUnit.java:88)
	at org.testng.AssertJUnit.assertEquals(AssertJUnit.java:318)
	at com.APIAutomation.stepdefinitions.delete.BookDeletionStepDefinition.verify_status_code(BookDeletionStepDefinition.java:63)
	at ✽.the response delete status code should be 200(file:///D:/IT%20Quality%20Assuarance/Assignment/ITQA-API-Testing/src/test/resources/features/delete_books.feature:7)
]]></failure>
  </testcase>
  <testcase name="runScenario[&quot;Book Creation by Different User Types&quot;, &quot;Book Creation Scenarios&quot;](5)" classname="com.APIAutomation.runners.TestRunner" time="2.314">
    <failure message="Unexpected status code. Response body: Book Already Exists expected [201] but found [208]" type="java.lang.AssertionError"><![CDATA[java.lang.AssertionError: Unexpected status code. Response body: Book Already Exists expected [201] but found [208]
	at org.testng.Assert.fail(Assert.java:111)
	at org.testng.Assert.failNotEquals(Assert.java:1578)
	at org.testng.Assert.assertEqualsImpl(Assert.java:150)
	at org.testng.Assert.assertEquals(Assert.java:132)
	at org.testng.Assert.assertEquals(Assert.java:1419)
	at org.testng.Assert.assertEquals(Assert.java:1383)
	at com.APIAutomation.stepdefinitions.post.PostBooksStepDefinitions.verifyStatusCode(PostBooksStepDefinitions.java:63)
	at ✽.the response status code should be 201(file:///D:/IT%20Quality%20Assuarance/Assignment/ITQA-API-Testing/src/test/resources/features/create_books.feature:9)
]]></failure>
    <system-out><![CDATA[  &amp#27;[31mThen &amp#27;[0m&amp#27;[31mthe response status code should be &amp#27;[0m&amp#27;[31m&amp#27;[1m201&amp#27;[0m                                 &amp#27;[90m# com.APIAutomation.stepdefinitions.post.PostBooksStepDefinitions.verifyStatusCode(int)&amp#27;[0m
      &amp#27;[31mjava.lang.AssertionError: Unexpected status code. Response body: Book Already Exists expected [201] but found [208]
	at org.testng.Assert.fail(Assert.java:111)
	at org.testng.Assert.failNotEquals(Assert.java:1578)
	at org.testng.Assert.assertEqualsImpl(Assert.java:150)
	at org.testng.Assert.assertEquals(Assert.java:132)
	at org.testng.Assert.assertEquals(Assert.java:1419)
	at org.testng.Assert.assertEquals(Assert.java:1383)
	at com.APIAutomation.stepdefinitions.post.PostBooksStepDefinitions.verifyStatusCode(PostBooksStepDefinitions.java:63)
	at ✽.the response status code should be 201(file:///D:/IT%20Quality%20Assuarance/Assignment/ITQA-API-Testing/src/test/resources/features/create_books.feature:9)
&amp#27;[0m
  &amp#27;[31mThen &amp#27;[0m&amp#27;[31mthe response status code should be &amp#27;[0m&amp#27;[31m&amp#27;[1m201&amp#27;[0m                               &amp#27;[90m# com.APIAutomation.stepdefinitions.post.PostBooksStepDefinitions.verifyStatusCode(int)&amp#27;[0m
      &amp#27;[31mjava.lang.AssertionError: Unexpected status code. Response body: Book Already Exists expected [201] but found [208]
	at org.testng.Assert.fail(Assert.java:111)
	at org.testng.Assert.failNotEquals(Assert.java:1578)
	at org.testng.Assert.assertEqualsImpl(Assert.java:150)
	at org.testng.Assert.assertEquals(Assert.java:132)
	at org.testng.Assert.assertEquals(Assert.java:1419)
	at org.testng.Assert.assertEquals(Assert.java:1383)
	at com.APIAutomation.stepdefinitions.post.PostBooksStepDefinitions.verifyStatusCode(PostBooksStepDefinitions.java:63)
	at ✽.the response status code should be 201(file:///D:/IT%20Quality%20Assuarance/Assignment/ITQA-API-Testing/src/test/resources/features/create_books.feature:9)
&amp#27;[0m
  &amp#27;[31mThen &amp#27;[0m&amp#27;[31mthe response status code should be &amp#27;[0m&amp#27;[31m&amp#27;[1m201&amp#27;[0m                                 &amp#27;[90m# com.APIAutomation.stepdefinitions.post.PostBooksStepDefinitions.verifyStatusCode(int)&amp#27;[0m
      &amp#27;[31mjava.lang.AssertionError: Unexpected status code. Response body: Book Already Exists expected [201] but found [208]
	at org.testng.Assert.fail(Assert.java:111)
	at org.testng.Assert.failNotEquals(Assert.java:1578)
	at org.testng.Assert.assertEqualsImpl(Assert.java:150)
	at org.testng.Assert.assertEquals(Assert.java:132)
	at org.testng.Assert.assertEquals(Assert.java:1419)
	at org.testng.Assert.assertEquals(Assert.java:1383)
	at com.APIAutomation.stepdefinitions.post.PostBooksStepDefinitions.verifyStatusCode(PostBooksStepDefinitions.java:63)
	at ✽.the response status code should be 201(file:///D:/IT%20Quality%20Assuarance/Assignment/ITQA-API-Testing/src/test/resources/features/create_books.feature:9)
&amp#27;[0m
]]></system-out>
  </testcase>
  <testcase name="runScenario[&quot;Book Creation by Different User Types&quot;, &quot;Book Creation Scenarios&quot;](4)" classname="com.APIAutomation.runners.TestRunner" time="2.315">
    <failure message="Unexpected status code. Response body: Book Already Exists expected [201] but found [208]" type="java.lang.AssertionError"><![CDATA[java.lang.AssertionError: Unexpected status code. Response body: Book Already Exists expected [201] but found [208]
	at org.testng.Assert.fail(Assert.java:111)
	at org.testng.Assert.failNotEquals(Assert.java:1578)
	at org.testng.Assert.assertEqualsImpl(Assert.java:150)
	at org.testng.Assert.assertEquals(Assert.java:132)
	at org.testng.Assert.assertEquals(Assert.java:1419)
	at org.testng.Assert.assertEquals(Assert.java:1383)
	at com.APIAutomation.stepdefinitions.post.PostBooksStepDefinitions.verifyStatusCode(PostBooksStepDefinitions.java:63)
	at ✽.the response status code should be 201(file:///D:/IT%20Quality%20Assuarance/Assignment/ITQA-API-Testing/src/test/resources/features/create_books.feature:9)
]]></failure>
  </testcase>
  <testcase name="runScenario[&quot;Book Creation by Different User Types&quot;, &quot;Book Creation Scenarios&quot;](6)" classname="com.APIAutomation.runners.TestRunner" time="2.315">
    <failure message="Unexpected status code. Response body: Book Already Exists expected [201] but found [208]" type="java.lang.AssertionError"><![CDATA[java.lang.AssertionError: Unexpected status code. Response body: Book Already Exists expected [201] but found [208]
	at org.testng.Assert.fail(Assert.java:111)
	at org.testng.Assert.failNotEquals(Assert.java:1578)
	at org.testng.Assert.assertEqualsImpl(Assert.java:150)
	at org.testng.Assert.assertEquals(Assert.java:132)
	at org.testng.Assert.assertEquals(Assert.java:1419)
	at org.testng.Assert.assertEquals(Assert.java:1383)
	at com.APIAutomation.stepdefinitions.post.PostBooksStepDefinitions.verifyStatusCode(PostBooksStepDefinitions.java:63)
	at ✽.the response status code should be 201(file:///D:/IT%20Quality%20Assuarance/Assignment/ITQA-API-Testing/src/test/resources/features/create_books.feature:9)
]]></failure>
  </testcase>
</testsuite>